This is pdfTeX, Version 3.14159265-2.6-1.40.21 (TeX Live 2020) (preloaded format=pdflatex 2021.4.1)  4 APR 2021 11:12
entering extended mode
 restricted \write18 enabled.
 %&-line parsing enabled.
**awesome-cv.cls
(./awesome-cv.cls
LaTeX2e <2020-10-01> patch level 4
L3 programming layer <2021-02-18>

LaTeX Warning: You have requested package `',
               but the package provides `awesome-cv'.

Package: awesome-cv 2017/02/05 v1.6.1 Awesome Curriculum Vitae Class
(/Users/theaknowles/Library/TinyTeX/texmf-dist/tex/latex/base/article.cls
Document Class: article 2020/04/10 v1.4m Standard LaTeX document class
(/Users/theaknowles/Library/TinyTeX/texmf-dist/tex/latex/base/size10.clo
File: size10.clo 2020/04/10 v1.4m Standard LaTeX file (size option)
)
\c@part=\count179
\c@section=\count180
\c@subsection=\count181
\c@subsubsection=\count182
\c@paragraph=\count183
\c@subparagraph=\count184
\c@figure=\count185
\c@table=\count186
\abovecaptionskip=\skip47
\belowcaptionskip=\skip48
\bibindent=\dimen138
)
(/Users/theaknowles/Library/TinyTeX/texmf-dist/tex/latex/tools/array.sty
Package: array 2020/10/01 v2.5c Tabular extension package (FMi)
\col@sep=\dimen139
\ar@mcellbox=\box47
\extrarowheight=\dimen140
\NC@list=\toks15
\extratabsurround=\skip49
\backup@length=\skip50
\ar@cellbox=\box48
)
(/Users/theaknowles/Library/TinyTeX/texmf-dist/tex/latex/enumitem/enumitem.sty
Package: enumitem 2019/06/20 v3.9 Customized lists
\enitkv@toks@=\toks16
\labelindent=\skip51
\enit@outerparindent=\dimen141
\enit@toks=\toks17
\enit@inbox=\box49
\enit@count@id=\count187
\enitdp@description=\count188
) (/Users/theaknowles/Library/TinyTeX/texmf-dist/tex/latex/ragged2e/ragged2e.st
y
Package: ragged2e 2021/02/05 v3.0 ragged2e Package
(/Users/theaknowles/Library/TinyTeX/texmf-dist/tex/latex/everysel/everysel.sty
Package: everysel 2021/01/20 v2.1 EverySelectfont Package (MS)

(/Users/theaknowles/Library/TinyTeX/texmf-dist/tex/latex/everysel/everysel-2011
-10-28.sty))
\CenteringLeftskip=\skip52
\RaggedLeftLeftskip=\skip53
\RaggedRightLeftskip=\skip54
\CenteringRightskip=\skip55
\RaggedLeftRightskip=\skip56
\RaggedRightRightskip=\skip57
\CenteringParfillskip=\skip58
\RaggedLeftParfillskip=\skip59
\RaggedRightParfillskip=\skip60
\JustifyingParfillskip=\skip61
\CenteringParindent=\skip62
\RaggedLeftParindent=\skip63
\RaggedRightParindent=\skip64
\JustifyingParindent=\skip65
)
(/Users/theaknowles/Library/TinyTeX/texmf-dist/tex/latex/geometry/geometry.sty
Package: geometry 2020/01/02 v5.9 Page Geometry

(/Users/theaknowles/Library/TinyTeX/texmf-dist/tex/latex/graphics/keyval.sty
Package: keyval 2014/10/28 v1.15 key=value parser (DPC)
\KV@toks@=\toks18
)
(/Users/theaknowles/Library/TinyTeX/texmf-dist/tex/generic/iftex/ifvtex.sty
Package: ifvtex 2019/10/25 v1.7 ifvtex legacy package. Use iftex instead.

(/Users/theaknowles/Library/TinyTeX/texmf-dist/tex/generic/iftex/iftex.sty
Package: iftex 2020/03/06 v1.0d TeX engine tests
))
\Gm@cnth=\count189
\Gm@cntv=\count190
\c@Gm@tempcnt=\count191
\Gm@bindingoffset=\dimen142
\Gm@wd@mp=\dimen143
\Gm@odd@mp=\dimen144
\Gm@even@mp=\dimen145
\Gm@layoutwidth=\dimen146
\Gm@layoutheight=\dimen147
\Gm@layouthoffset=\dimen148
\Gm@layoutvoffset=\dimen149
\Gm@dimlist=\toks19
)
(/Users/theaknowles/Library/TinyTeX/texmf-dist/tex/latex/fancyhdr/fancyhdr.sty
Package: fancyhdr 2021/01/28 v4.0.1 Extensive control of page headers and foote
rs
\f@nch@headwidth=\skip66
\f@nch@O@elh=\skip67
\f@nch@O@erh=\skip68
\f@nch@O@olh=\skip69
\f@nch@O@orh=\skip70
\f@nch@O@elf=\skip71
\f@nch@O@erf=\skip72
\f@nch@O@olf=\skip73
\f@nch@O@orf=\skip74
) (/Users/theaknowles/Library/TinyTeX/texmf-dist/tex/latex/xcolor/xcolor.sty
Package: xcolor 2016/05/11 v2.12 LaTeX color extensions (UK)

(/Users/theaknowles/Library/TinyTeX/texmf-dist/tex/latex/graphics-cfg/color.cfg
File: color.cfg 2016/01/02 v1.6 sample color configuration
)
Package xcolor Info: Driver file: pdftex.def on input line 225.

(/Users/theaknowles/Library/TinyTeX/texmf-dist/tex/latex/graphics-def/pdftex.de
f
File: pdftex.def 2020/10/05 v1.2a Graphics/color driver for pdftex
)
Package xcolor Info: Model `cmy' substituted by `cmy0' on input line 1348.
Package xcolor Info: Model `hsb' substituted by `rgb' on input line 1352.
Package xcolor Info: Model `RGB' extended on input line 1364.
Package xcolor Info: Model `HTML' substituted by `rgb' on input line 1366.
Package xcolor Info: Model `Hsb' substituted by `hsb' on input line 1367.
Package xcolor Info: Model `tHsb' substituted by `hsb' on input line 1368.
Package xcolor Info: Model `HSB' substituted by `hsb' on input line 1369.
Package xcolor Info: Model `Gray' substituted by `gray' on input line 1370.
Package xcolor Info: Model `wave' substituted by `hsb' on input line 1371.
)
(/Users/theaknowles/Library/TinyTeX/texmf-dist/tex/generic/iftex/ifxetex.sty
Package: ifxetex 2019/10/25 v0.7 ifxetex legacy package. Use iftex instead.
)
(/Users/theaknowles/Library/TinyTeX/texmf-dist/tex/latex/xifthen/xifthen.sty
Package: xifthen 2015/11/05 v1.4.0 Extended ifthen features

(/Users/theaknowles/Library/TinyTeX/texmf-dist/tex/latex/tools/calc.sty
Package: calc 2017/05/25 v4.3 Infix arithmetic (KKT,FJ)
\calc@Acount=\count192
\calc@Bcount=\count193
\calc@Adimen=\dimen150
\calc@Bdimen=\dimen151
\calc@Askip=\skip75
\calc@Bskip=\skip76
LaTeX Info: Redefining \setlength on input line 80.
LaTeX Info: Redefining \addtolength on input line 81.
\calc@Ccount=\count194
\calc@Cskip=\skip77
)
(/Users/theaknowles/Library/TinyTeX/texmf-dist/tex/latex/base/ifthen.sty
Package: ifthen 2014/09/29 v1.1c Standard LaTeX ifthen package (DPC)
)
(/Users/theaknowles/Library/TinyTeX/texmf-dist/tex/latex/ifmtarg/ifmtarg.sty
Package: ifmtarg 2018/04/16 v1.2b check for an empty argument
))
(/Users/theaknowles/Library/TinyTeX/texmf-dist/tex/latex/etoolbox/etoolbox.sty
Package: etoolbox 2020/10/05 v2.5k e-TeX tools for LaTeX (JAW)
\etb@tempcnta=\count195
) (/Users/theaknowles/Library/TinyTeX/texmf-dist/tex/latex/setspace/setspace.st
y
Package: setspace 2011/12/19 v6.7a set line spacing
)
(/Users/theaknowles/Library/TinyTeX/texmf-dist/tex/latex/fontspec/fontspec.sty
(/Users/theaknowles/Library/TinyTeX/texmf-dist/tex/latex/l3packages/xparse/xpar
se.sty
(/Users/theaknowles/Library/TinyTeX/texmf-dist/tex/latex/l3kernel/expl3.sty
Package: expl3 2021-02-18 L3 programming layer (loader) 

(/Users/theaknowles/Library/TinyTeX/texmf-dist/tex/latex/l3backend/l3backend-pd
ftex.def
File: l3backend-pdftex.def 2021-03-18 L3 backend support: PDF output (pdfTeX)
\l__color_backend_stack_int=\count196
\l__pdf_internal_box=\box50
))
(/Users/theaknowles/Library/TinyTeX/texmf-dist/tex/latex/l3packages/xparse/xpar
se-2020-10-01.sty
(/Users/theaknowles/Library/TinyTeX/texmf-dist/tex/latex/l3packages/xparse/xpar
se-generic.tex)))
Package: fontspec 2020/02/21 v2.7i Font selection for XeLaTeX and LuaLaTeX


! Fatal Package fontspec Error: The fontspec package requires either XeTeX or
(fontspec)                      LuaTeX.
(fontspec)                      
(fontspec)                      You must change your typesetting engine to,
(fontspec)                      e.g., "xelatex" or "lualatex"instead of
(fontspec)                      "latex" or "pdflatex".

Type <return> to continue.
 ...                                              
                                                  
l.45 \msg_fatal:nn {fontspec} {cannot-use-pdftex}
                                                 

LaTeX does not know anything more about this error, sorry.

Try typing <return> to proceed.
If that doesn't work, type X <return> to quit.

This is a fatal error: LaTeX will abort.



! Emergency stop.
<read *> 
         
l.45 \msg_fatal:nn {fontspec} {cannot-use-pdftex}
                                                 
*** (cannot \read from terminal in nonstop modes)

 
Here is how much of TeX's memory you used:
 2781 strings out of 480962
 42255 string characters out of 5906342
 339314 words of memory out of 5000000
 20012 multiletter control sequences out of 15000+600000
 403430 words of font info for 27 fonts, out of 8000000 for 9000
 14 hyphenation exceptions out of 8191
 81i,0n,89p,255b,44s stack positions out of 5000i,500n,10000p,200000b,80000s
!  ==> Fatal error occurred, no output PDF file produced!
